<?xml version="1.0" encoding="UTF-8"?>
<coverage generated="1632666076184" clover="3.2.0">
  <project timestamp="1632666076184" name="All files">
    <metrics statements="11" coveredstatements="11" conditionals="3" coveredconditionals="0" methods="5" coveredmethods="5" elements="19" coveredelements="16" complexity="0" loc="11" ncloc="11" packages="1" files="2" classes="2"/>
    <file name="index.tsx" path="/home/jonas/Development/boiler/src/components/UserCard/index.tsx">
      <metrics statements="2" coveredstatements="2" conditionals="3" coveredconditionals="0" methods="1" coveredmethods="1"/>
      <line num="11" count="1" type="cond" truecount="0" falsecount="3"/>
      <line num="12" count="1" type="stmt"/>
    </file>
    <file name="styles.ts" path="/home/jonas/Development/boiler/src/components/UserCard/styles.ts">
      <metrics statements="9" coveredstatements="9" conditionals="0" coveredconditionals="0" methods="4" coveredmethods="4"/>
      <line num="3" count="1" type="stmt"/>
      <line num="4" count="1" type="stmt"/>
      <line num="14" count="1" type="stmt"/>
      <line num="42" count="1" type="stmt"/>
      <line num="43" count="1" type="stmt"/>
      <line num="49" count="1" type="stmt"/>
      <line num="50" count="1" type="stmt"/>
      <line num="56" count="1" type="stmt"/>
      <line num="57" count="1" type="stmt"/>
    </file>
  </project>
</coverage>
