<?xml version="1.0" encoding="UTF-8"?>
<coverage generated="1632674940483" clover="3.2.0">
  <project timestamp="1632674940483" name="All files">
    <metrics statements="20" coveredstatements="7" conditionals="11" coveredconditionals="2" methods="9" coveredmethods="4" elements="40" coveredelements="13" complexity="0" loc="20" ncloc="20" packages="3" files="4" classes="4"/>
    <package name="components.UserCard">
      <metrics statements="5" coveredstatements="5" conditionals="5" coveredconditionals="2" methods="3" coveredmethods="3"/>
      <file name="index.tsx" path="/home/jonas/Development/boiler/src/components/UserCard/index.tsx">
        <metrics statements="5" coveredstatements="5" conditionals="5" coveredconditionals="2" methods="3" coveredmethods="3"/>
        <line num="12" count="1" type="stmt"/>
        <line num="18" count="2" type="stmt"/>
        <line num="19" count="1" type="cond" truecount="2" falsecount="0"/>
        <line num="22" count="2" type="stmt"/>
        <line num="23" count="1" type="stmt"/>
      </file>
    </package>
    <package name="pages.Details">
      <metrics statements="13" coveredstatements="0" conditionals="6" coveredconditionals="0" methods="5" coveredmethods="0"/>
      <file name="index.tsx" path="/home/jonas/Development/boiler/src/pages/Details/index.tsx">
        <metrics statements="9" coveredstatements="0" conditionals="6" coveredconditionals="0" methods="3" coveredmethods="0"/>
        <line num="15" count="0" type="stmt"/>
        <line num="16" count="0" type="stmt"/>
        <line num="18" count="0" type="stmt"/>
        <line num="19" count="0" type="stmt"/>
        <line num="21" count="0" type="stmt"/>
        <line num="22" count="0" type="cond" truecount="0" falsecount="2"/>
        <line num="23" count="0" type="stmt"/>
        <line num="24" count="0" type="cond" truecount="0" falsecount="2"/>
        <line num="28" count="0" type="stmt"/>
      </file>
      <file name="styles.ts" path="/home/jonas/Development/boiler/src/pages/Details/styles.ts">
        <metrics statements="4" coveredstatements="0" conditionals="0" coveredconditionals="0" methods="2" coveredmethods="0"/>
        <line num="6" count="0" type="stmt"/>
        <line num="7" count="0" type="stmt"/>
        <line num="12" count="0" type="stmt"/>
        <line num="13" count="0" type="stmt"/>
      </file>
    </package>
    <package name="utils.tests">
      <metrics statements="2" coveredstatements="2" conditionals="0" coveredconditionals="0" methods="1" coveredmethods="1"/>
      <file name="helpers.tsx" path="/home/jonas/Development/boiler/src/utils/tests/helpers.tsx">
        <metrics statements="2" coveredstatements="2" conditionals="0" coveredconditionals="0" methods="1" coveredmethods="1"/>
        <line num="7" count="1" type="stmt"/>
        <line num="8" count="2" type="stmt"/>
      </file>
    </package>
  </project>
</coverage>
