{"/home/jonas/Development/boiler/src/components/UserInfo/index.tsx": {"path":"/home/jonas/Development/boiler/src/components/UserInfo/index.tsx","statementMap":{"0":{"start":{"line":9,"column":17},"end":{"line":19,"column":1}},"1":{"start":{"line":10,"column":2},"end":{"line":18,"column":3}}},"fnMap":{"0":{"name":"(anonymous_0)","decl":{"start":{"line":9,"column":17},"end":{"line":9,"column":18}},"loc":{"start":{"line":9,"column":75},"end":{"line":19,"column":1}},"line":9}},"branchMap":{"0":{"loc":{"start":{"line":9,"column":20},"end":{"line":9,"column":26}},"type":"default-arg","locations":[{"start":{"line":9,"column":25},"end":{"line":9,"column":26}}],"line":9},"1":{"loc":{"start":{"line":9,"column":28},"end":{"line":9,"column":38}},"type":"default-arg","locations":[{"start":{"line":9,"column":36},"end":{"line":9,"column":38}}],"line":9},"2":{"loc":{"start":{"line":9,"column":40},"end":{"line":9,"column":53}},"type":"default-arg","locations":[{"start":{"line":9,"column":51},"end":{"line":9,"column":53}}],"line":9}},"s":{"0":1,"1":1},"f":{"0":1},"b":{"0":[0],"1":[0],"2":[0]},"_coverageSchema":"1a1c01bbd47fc00a2c39e90264f33305004495a9","hash":"a8c3060342507fbfdc604a9eba9376707e50cfb9"}
,"/home/jonas/Development/boiler/src/components/UserInfo/styles.ts": {"path":"/home/jonas/Development/boiler/src/components/UserInfo/styles.ts","statementMap":{"0":{"start":{"line":4,"column":23},"end":{"line":12,"column":1}},"1":{"start":{"line":5,"column":19},"end":{"line":11,"column":3}},"2":{"start":{"line":14,"column":18},"end":{"line":20,"column":1}},"3":{"start":{"line":15,"column":19},"end":{"line":19,"column":3}},"4":{"start":{"line":22,"column":20},"end":{"line":27,"column":1}},"5":{"start":{"line":23,"column":19},"end":{"line":26,"column":3}},"6":{"start":{"line":29,"column":20},"end":{"line":43,"column":1}},"7":{"start":{"line":30,"column":19},"end":{"line":42,"column":3}}},"fnMap":{"0":{"name":"(anonymous_0)","decl":{"start":{"line":5,"column":4},"end":{"line":5,"column":5}},"loc":{"start":{"line":5,"column":19},"end":{"line":11,"column":3}},"line":5},"1":{"name":"(anonymous_1)","decl":{"start":{"line":15,"column":4},"end":{"line":15,"column":5}},"loc":{"start":{"line":15,"column":19},"end":{"line":19,"column":3}},"line":15},"2":{"name":"(anonymous_2)","decl":{"start":{"line":23,"column":4},"end":{"line":23,"column":5}},"loc":{"start":{"line":23,"column":19},"end":{"line":26,"column":3}},"line":23},"3":{"name":"(anonymous_3)","decl":{"start":{"line":30,"column":4},"end":{"line":30,"column":5}},"loc":{"start":{"line":30,"column":19},"end":{"line":42,"column":3}},"line":30}},"branchMap":{},"s":{"0":1,"1":1,"2":1,"3":1,"4":1,"5":1,"6":1,"7":1},"f":{"0":1,"1":1,"2":1,"3":1},"b":{},"_coverageSchema":"1a1c01bbd47fc00a2c39e90264f33305004495a9","hash":"fdb228ce2a9790104f8612addd04f7dc6f74d8fb"}
,"/home/jonas/Development/boiler/src/hooks/use-users/index.tsx": {"path":"/home/jonas/Development/boiler/src/hooks/use-users/index.tsx","statementMap":{"0":{"start":{"line":17,"column":33},"end":{"line":19,"column":1}},"1":{"start":{"line":21,"column":20},"end":{"line":21,"column":76}},"2":{"start":{"line":27,"column":21},"end":{"line":48,"column":1}},"3":{"start":{"line":28,"column":28},"end":{"line":28,"column":49}},"4":{"start":{"line":30,"column":2},"end":{"line":43,"column":8}},"5":{"start":{"line":31,"column":4},"end":{"line":42,"column":43}},"6":{"start":{"line":33,"column":25},"end":{"line":38,"column":11}},"7":{"start":{"line":33,"column":61},"end":{"line":38,"column":9}},"8":{"start":{"line":40,"column":8},"end":{"line":40,"column":31}},"9":{"start":{"line":42,"column":24},"end":{"line":42,"column":42}},"10":{"start":{"line":45,"column":2},"end":{"line":47,"column":3}},"11":{"start":{"line":50,"column":17},"end":{"line":50,"column":46}},"12":{"start":{"line":50,"column":23},"end":{"line":50,"column":46}}},"fnMap":{"0":{"name":"(anonymous_0)","decl":{"start":{"line":27,"column":21},"end":{"line":27,"column":22}},"loc":{"start":{"line":27,"column":58},"end":{"line":48,"column":1}},"line":27},"1":{"name":"(anonymous_1)","decl":{"start":{"line":30,"column":12},"end":{"line":30,"column":13}},"loc":{"start":{"line":30,"column":18},"end":{"line":43,"column":3}},"line":30},"2":{"name":"(anonymous_2)","decl":{"start":{"line":32,"column":12},"end":{"line":32,"column":13}},"loc":{"start":{"line":32,"column":26},"end":{"line":41,"column":7}},"line":32},"3":{"name":"(anonymous_3)","decl":{"start":{"line":33,"column":43},"end":{"line":33,"column":44}},"loc":{"start":{"line":33,"column":61},"end":{"line":38,"column":9}},"line":33},"4":{"name":"(anonymous_4)","decl":{"start":{"line":42,"column":13},"end":{"line":42,"column":14}},"loc":{"start":{"line":42,"column":24},"end":{"line":42,"column":42}},"line":42},"5":{"name":"(anonymous_5)","decl":{"start":{"line":50,"column":17},"end":{"line":50,"column":18}},"loc":{"start":{"line":50,"column":23},"end":{"line":50,"column":46}},"line":50}},"branchMap":{},"s":{"0":0,"1":0,"2":0,"3":0,"4":0,"5":0,"6":0,"7":0,"8":0,"9":0,"10":0,"11":0,"12":0},"f":{"0":0,"1":0,"2":0,"3":0,"4":0,"5":0},"b":{}}
,"/home/jonas/Development/boiler/src/services/requests/users.ts": {"path":"/home/jonas/Development/boiler/src/services/requests/users.ts","statementMap":{"0":{"start":{"line":5,"column":13},"end":{"line":5,"column":20}},"1":{"start":{"line":7,"column":27},"end":{"line":12,"column":1}},"2":{"start":{"line":8,"column":2},"end":{"line":11,"column":41}},"3":{"start":{"line":10,"column":24},"end":{"line":10,"column":32}},"4":{"start":{"line":11,"column":22},"end":{"line":11,"column":40}}},"fnMap":{"0":{"name":"(anonymous_0)","decl":{"start":{"line":7,"column":27},"end":{"line":7,"column":28}},"loc":{"start":{"line":7,"column":33},"end":{"line":12,"column":1}},"line":7},"1":{"name":"(anonymous_1)","decl":{"start":{"line":10,"column":10},"end":{"line":10,"column":11}},"loc":{"start":{"line":10,"column":24},"end":{"line":10,"column":32}},"line":10},"2":{"name":"(anonymous_2)","decl":{"start":{"line":11,"column":11},"end":{"line":11,"column":12}},"loc":{"start":{"line":11,"column":22},"end":{"line":11,"column":40}},"line":11}},"branchMap":{},"s":{"0":0,"1":0,"2":0,"3":0,"4":0},"f":{"0":0,"1":0,"2":0},"b":{}}
}
