{"/home/jonas/Development/boiler/src/components/Pagination/index.tsx": {"path":"/home/jonas/Development/boiler/src/components/Pagination/index.tsx","statementMap":{"0":{"start":{"line":11,"column":19},"end":{"line":50,"column":1}},"1":{"start":{"line":16,"column":16},"end":{"line":16,"column":52}},"2":{"start":{"line":17,"column":40},"end":{"line":17,"column":51}},"3":{"start":{"line":19,"column":25},"end":{"line":25,"column":3}},"4":{"start":{"line":20,"column":23},"end":{"line":20,"column":70}},"5":{"start":{"line":21,"column":21},"end":{"line":21,"column":46}},"6":{"start":{"line":23,"column":4},"end":{"line":23,"column":38}},"7":{"start":{"line":23,"column":29},"end":{"line":23,"column":37}},"8":{"start":{"line":24,"column":4},"end":{"line":24,"column":56}},"9":{"start":{"line":27,"column":29},"end":{"line":33,"column":3}},"10":{"start":{"line":28,"column":23},"end":{"line":28,"column":70}},"11":{"start":{"line":29,"column":21},"end":{"line":29,"column":46}},"12":{"start":{"line":31,"column":4},"end":{"line":31,"column":38}},"13":{"start":{"line":31,"column":29},"end":{"line":31,"column":37}},"14":{"start":{"line":32,"column":4},"end":{"line":32,"column":56}},"15":{"start":{"line":35,"column":2},"end":{"line":49,"column":3}}},"fnMap":{"0":{"name":"(anonymous_0)","decl":{"start":{"line":11,"column":19},"end":{"line":11,"column":20}},"loc":{"start":{"line":15,"column":23},"end":{"line":50,"column":1}},"line":15},"1":{"name":"(anonymous_1)","decl":{"start":{"line":19,"column":25},"end":{"line":19,"column":26}},"loc":{"start":{"line":19,"column":31},"end":{"line":25,"column":3}},"line":19},"2":{"name":"(anonymous_2)","decl":{"start":{"line":23,"column":19},"end":{"line":23,"column":20}},"loc":{"start":{"line":23,"column":29},"end":{"line":23,"column":37}},"line":23},"3":{"name":"(anonymous_3)","decl":{"start":{"line":27,"column":29},"end":{"line":27,"column":30}},"loc":{"start":{"line":27,"column":35},"end":{"line":33,"column":3}},"line":27},"4":{"name":"(anonymous_4)","decl":{"start":{"line":31,"column":19},"end":{"line":31,"column":20}},"loc":{"start":{"line":31,"column":29},"end":{"line":31,"column":37}},"line":31}},"branchMap":{"0":{"loc":{"start":{"line":24,"column":4},"end":{"line":24,"column":56}},"type":"binary-expr","locations":[{"start":{"line":24,"column":4},"end":{"line":24,"column":18}},{"start":{"line":24,"column":22},"end":{"line":24,"column":56}}],"line":24},"1":{"loc":{"start":{"line":32,"column":4},"end":{"line":32,"column":56}},"type":"binary-expr","locations":[{"start":{"line":32,"column":4},"end":{"line":32,"column":18}},{"start":{"line":32,"column":22},"end":{"line":32,"column":56}}],"line":32}},"s":{"0":1,"1":7,"2":7,"3":7,"4":2,"5":2,"6":2,"7":2,"8":2,"9":7,"10":1,"11":1,"12":1,"13":1,"14":1,"15":7},"f":{"0":7,"1":2,"2":2,"3":1,"4":1},"b":{"0":[2,2],"1":[1,1]},"_coverageSchema":"1a1c01bbd47fc00a2c39e90264f33305004495a9","hash":"573c67b6f8a9d2c2f39f71fd345ba3cede117e28"}
,"/home/jonas/Development/boiler/src/components/Pagination/styles.ts": {"path":"/home/jonas/Development/boiler/src/components/Pagination/styles.ts","statementMap":{"0":{"start":{"line":4,"column":23},"end":{"line":8,"column":1}},"1":{"start":{"line":10,"column":22},"end":{"line":26,"column":1}},"2":{"start":{"line":11,"column":19},"end":{"line":25,"column":3}},"3":{"start":{"line":28,"column":20},"end":{"line":32,"column":1}},"4":{"start":{"line":29,"column":19},"end":{"line":31,"column":3}}},"fnMap":{"0":{"name":"(anonymous_0)","decl":{"start":{"line":11,"column":4},"end":{"line":11,"column":5}},"loc":{"start":{"line":11,"column":19},"end":{"line":25,"column":3}},"line":11},"1":{"name":"(anonymous_1)","decl":{"start":{"line":29,"column":4},"end":{"line":29,"column":5}},"loc":{"start":{"line":29,"column":19},"end":{"line":31,"column":3}},"line":29}},"branchMap":{},"s":{"0":1,"1":1,"2":14,"3":1,"4":7},"f":{"0":14,"1":7},"b":{},"_coverageSchema":"1a1c01bbd47fc00a2c39e90264f33305004495a9","hash":"de71196a41eff21f8292f4c920a6c2c231551a71"}
,"/home/jonas/Development/boiler/src/utils/tests/helpers.tsx": {"path":"/home/jonas/Development/boiler/src/utils/tests/helpers.tsx","statementMap":{"0":{"start":{"line":7,"column":31},"end":{"line":8,"column":65}},"1":{"start":{"line":8,"column":2},"end":{"line":8,"column":65}}},"fnMap":{"0":{"name":"(anonymous_0)","decl":{"start":{"line":7,"column":31},"end":{"line":7,"column":32}},"loc":{"start":{"line":8,"column":2},"end":{"line":8,"column":65}},"line":8}},"branchMap":{},"s":{"0":1,"1":4},"f":{"0":4},"b":{},"_coverageSchema":"1a1c01bbd47fc00a2c39e90264f33305004495a9","hash":"30f1f568af3fb25b170b0c0fe16a8498fb5a1a17"}
}
